0 info it worked if it ends with ok
1 verbose cli [ 'E:\\Program Files\\nodejs\\node.exe',
1 verbose cli   'C:\\Users\\poetries\\AppData\\Roaming\\npm\\node_modules\\npm\\bin\\npm-cli.js',
1 verbose cli   'install',
1 verbose cli   'gulp-autoprefixer',
1 verbose cli   'gulp-imagemin',
1 verbose cli   'gulp-less',
1 verbose cli   'gulp-minify-css',
1 verbose cli   'gulp-ruby-sass',
1 verbose cli   'gulp-sourcemaps',
1 verbose cli   'gulp-uglify',
1 verbose cli   'gulp-util',
1 verbose cli   'gulp-watch-path',
1 verbose cli   'gulp-watch-path',
1 verbose cli   '--save-dev' ]
2 info using npm@4.0.3
3 info using node@v6.2.2
4 silly loadCurrentTree Starting
5 silly install loadCurrentTree
6 silly install readLocalPackageData
7 silly rollbackFailedOptional Starting
8 silly rollbackFailedOptional Finishing
9 silly runTopLevelLifecycles Finishing
10 silly install printInstalled
11 verbose stack Error: Failed to parse json
11 verbose stack Unexpected token 'g' at 24:6
11 verbose stack     "gulp-autoprefixer": "^3.1.1",
11 verbose stack      ^
11 verbose stack     at parseError (C:\Users\poetries\AppData\Roaming\npm\node_modules\npm\node_modules\read-package-json\read-json.js:390:11)
11 verbose stack     at parseJson (C:\Users\poetries\AppData\Roaming\npm\node_modules\npm\node_modules\read-package-json\read-json.js:79:23)
11 verbose stack     at C:\Users\poetries\AppData\Roaming\npm\node_modules\npm\node_modules\read-package-json\read-json.js:48:5
11 verbose stack     at C:\Users\poetries\AppData\Roaming\npm\node_modules\npm\node_modules\graceful-fs\graceful-fs.js:78:16
11 verbose stack     at tryToString (fs.js:449:3)
11 verbose stack     at FSReqWrap.readFileAfterClose [as oncomplete] (fs.js:436:12)
12 verbose cwd C:\Users\poetries\Desktop\Animate
13 error Windows_NT 10.0.10586
14 error argv "E:\\Program Files\\nodejs\\node.exe" "C:\\Users\\poetries\\AppData\\Roaming\\npm\\node_modules\\npm\\bin\\npm-cli.js" "install" "gulp-autoprefixer" "gulp-imagemin" "gulp-less" "gulp-minify-css" "gulp-ruby-sass" "gulp-sourcemaps" "gulp-uglify" "gulp-util" "gulp-watch-path" "gulp-watch-path" "--save-dev"
15 error node v6.2.2
16 error npm  v4.0.3
17 error file C:\Users\poetries\Desktop\Animate\package.json
18 error code EJSONPARSE
19 error Failed to parse json
19 error Unexpected token 'g' at 24:6
19 error     "gulp-autoprefixer": "^3.1.1",
19 error      ^
20 error File: C:\Users\poetries\Desktop\Animate\package.json
21 error Failed to parse package.json data.
21 error package.json must be actual JSON, not just JavaScript.
21 error
21 error This is not a bug in npm.
21 error Tell the package author to fix their package.json file. JSON.parse
22 verbose exit [ 1, true ]
